TN:
SF:components/home-hero.tsx
FN:17,HomeHero
FNF:1
FNH:1
FNDA:2,HomeHero
DA:1,1
DA:2,1
DA:3,1
DA:17,2
LF:4
LH:4
BRDA:22,0,0,1
BRDA:22,0,1,1
BRF:2
BRH:2
end_of_record
TN:
SF:components/projects-list.tsx
FN:20,compareYear
FN:31,compareName
FN:40,ProjectsList
FN:43,(anonymous_5)
FN:57,(anonymous_6)
FN:63,(anonymous_7)
FNF:6
FNH:6
FNDA:9,compareYear
FNDA:4,compareName
FNDA:4,ProjectsList
FNDA:4,(anonymous_5)
FNDA:2,(anonymous_6)
FNDA:12,(anonymous_7)
DA:3,1
DA:4,1
DA:5,1
DA:6,1
DA:7,1
DA:21,9
DA:22,9
DA:23,9
DA:24,6
DA:25,0
DA:32,4
DA:33,2
DA:34,0
DA:40,2
DA:41,4
DA:43,4
DA:44,4
DA:45,4
DA:46,1
DA:48,3
DA:57,2
DA:64,12
LF:22
LH:20
BRDA:23,0,0,3
BRDA:24,1,0,6
BRDA:32,2,0,2
BRDA:33,3,0,2
BRDA:45,4,0,1
BRDA:67,5,0,0
BRDA:67,5,1,12
BRDA:69,6,0,0
BRDA:69,6,1,12
BRF:9
BRH:7
end_of_record
TN:
SF:components/pwa-register.tsx
FN:8,PwaRegister
FN:9,(anonymous_2)
FN:14,(anonymous_3)
FN:28,(anonymous_4)
FNF:4
FNH:4
FNDA:3,PwaRegister
FNDA:3,(anonymous_2)
FNDA:3,(anonymous_3)
FNDA:1,(anonymous_4)
DA:3,1
DA:8,3
DA:9,3
DA:10,3
DA:11,0
DA:14,3
DA:15,3
DA:16,3
DA:22,3
DA:23,2
DA:24,2
DA:27,1
DA:28,1
DA:29,1
DA:33,3
LF:15
LH:14
BRDA:10,0,0,0
BRDA:10,1,0,3
BRDA:10,1,1,3
BRDA:22,2,0,2
BRF:4
BRH:3
end_of_record
TN:
SF:components/site-header.tsx
FN:23,SiteHeader
FN:41,(anonymous_3)
FN:41,(anonymous_4)
FN:46,(anonymous_5)
FN:50,(anonymous_6)
FNF:5
FNH:4
FNDA:3,SiteHeader
FNDA:1,(anonymous_3)
FNDA:1,(anonymous_4)
FNDA:9,(anonymous_5)
FNDA:0,(anonymous_6)
DA:3,1
DA:4,1
DA:5,1
DA:6,1
DA:7,1
DA:8,1
DA:9,1
DA:14,1
DA:23,2
DA:24,3
DA:25,3
DA:26,3
DA:41,1
DA:47,9
DA:48,9
DA:50,0
LF:16
LH:15
BRDA:25,0,0,3
BRDA:25,0,1,3
BRDA:39,1,0,1
BRDA:39,1,1,2
BRDA:43,2,0,1
BRDA:43,2,1,2
BRDA:45,3,0,3
BRDA:45,3,1,1
BRDA:47,4,0,9
BRDA:47,4,1,9
BRDA:49,5,0,9
BRDA:49,5,1,0
BRF:12
BRH:11
end_of_record
TN:
SF:components/ui/badge.tsx
FN:28,Badge
FNF:1
FNH:1
FNDA:1,Badge
DA:1,1
DA:2,1
DA:3,1
DA:8,1
DA:32,1
LF:5
LH:5
BRF:0
BRH:0
end_of_record
TN:
SF:components/ui/button.tsx
FN:43,(anonymous_6)
FNF:1
FNH:1
FNDA:25,(anonymous_6)
DA:1,3
DA:2,3
DA:3,3
DA:4,3
DA:9,3
DA:42,3
DA:44,25
DA:48,3
DA:50,25
LF:9
LH:9
BRDA:43,0,0,4
BRDA:44,1,0,21
BRDA:44,1,1,4
BRF:3
BRH:3
end_of_record
TN:
SF:components/ui/card.tsx
FNF:0
FNH:0
DA:1,2
DA:2,2
DA:10,2
DA:18,2
DA:26,2
DA:34,2
DA:42,2
DA:50,2
DA:52,15
LF:9
LH:9
BRF:0
BRH:0
end_of_record
TN:
SF:components/ui/progress.tsx
FN:14,Progress
FNF:1
FNH:1
FNDA:2,Progress
DA:1,1
DA:14,2
DA:15,2
LF:3
LH:3
BRF:0
BRH:0
end_of_record
TN:
SF:lib/utils.ts
FN:7,cn
FNF:1
FNH:1
FNDA:105,cn
DA:1,4
DA:2,4
DA:7,105
DA:8,105
LF:4
LH:4
BRF:0
BRH:0
end_of_record
